  [1m[36m (1.7ms)[0m  [1mCREATE TABLE "schema_migrations" ("version" varchar NOT NULL) [0m
  [1m[35m (0.2ms)[0m  select sqlite_version(*)
  [1m[36m (1.6ms)[0m  [1mCREATE UNIQUE INDEX "unique_schema_migrations" ON "schema_migrations" ("version")[0m
  [1m[35mActiveRecord::SchemaMigration Load (0.2ms)[0m  SELECT "schema_migrations".* FROM "schema_migrations"
Migrating to CreateIncomes (20160223032024)
  [1m[36m (0.1ms)[0m  [1mbegin transaction[0m
  [1m[35m (0.9ms)[0m  CREATE TABLE "incomes" ("id" INTEGER PRIMARY KEY AUTOINCREMENT NOT NULL, "userid" text, "income" text, "type" text, "value" decimal, "frequency" text, "day_rec" integer, "month" integer, "year" integer, "created_at" datetime NOT NULL, "updated_at" datetime NOT NULL) 
  [1m[36mSQL (0.6ms)[0m  [1mINSERT INTO "schema_migrations" ("version") VALUES (?)[0m  [["version", "20160223032024"]]
  [1m[35m (1.0ms)[0m  commit transaction
Migrating to CreateBills (20160223032026)
  [1m[36m (0.1ms)[0m  [1mbegin transaction[0m
  [1m[35m (0.8ms)[0m  CREATE TABLE "bills" ("id" INTEGER PRIMARY KEY AUTOINCREMENT NOT NULL, "userid" text, "expenseid" text, "day_month" integer, "month" integer, "year" integer, "created_at" datetime NOT NULL, "updated_at" datetime NOT NULL) 
  [1m[36mSQL (0.3ms)[0m  [1mINSERT INTO "schema_migrations" ("version") VALUES (?)[0m  [["version", "20160223032026"]]
  [1m[35m (1.1ms)[0m  commit transaction
Migrating to CreateExpenses (20160223032027)
  [1m[36m (0.1ms)[0m  [1mbegin transaction[0m
  [1m[35m (0.7ms)[0m  CREATE TABLE "expenses" ("id" INTEGER PRIMARY KEY AUTOINCREMENT NOT NULL, "expenseid" text, "userid" text, "type" text, "frequency" text, "projvalue" decimal, "actvalue" decimal, "percent" integer, "month" integer, "year" integer, "created_at" datetime NOT NULL, "updated_at" datetime NOT NULL) 
  [1m[36mSQL (0.3ms)[0m  [1mINSERT INTO "schema_migrations" ("version") VALUES (?)[0m  [["version", "20160223032027"]]
  [1m[35m (1.7ms)[0m  commit transaction
Migrating to CreateUsers (20160223032029)
  [1m[36m (0.1ms)[0m  [1mbegin transaction[0m
  [1m[35m (1.5ms)[0m  CREATE TABLE "users" ("id" INTEGER PRIMARY KEY AUTOINCREMENT NOT NULL, "user" text, "email" text, "password" text, "state" text, "created_at" datetime NOT NULL, "updated_at" datetime NOT NULL) 
  [1m[36mSQL (0.3ms)[0m  [1mINSERT INTO "schema_migrations" ("version") VALUES (?)[0m  [["version", "20160223032029"]]
  [1m[35m (3.5ms)[0m  commit transaction
  [1m[36mActiveRecord::SchemaMigration Load (0.3ms)[0m  [1mSELECT "schema_migrations".* FROM "schema_migrations"[0m
